<?xml version="1.0" encoding="UTF-8"?>
<testng-results skipped="0" failed="0" total="2" passed="2">
  <reporter-output>
    <line>
      <![CDATA[WE GOT EXPECTED RESULT]]>
    </line>
    <line>
      <![CDATA[2]]>
    </line>
  </reporter-output>
  <suite name="Default suite" duration-ms="64" started-at="2021-01-19T15:13:23Z" finished-at="2021-01-19T15:13:23Z">
    <groups>
    </groups>
    <test name="Default test" duration-ms="64" started-at="2021-01-19T15:13:23Z" finished-at="2021-01-19T15:13:23Z">
      <class name="testng.Demo1">
        <test-method status="PASS" signature="test1()[pri:0, instance:testng.Demo1@29ee9faa]" name="test1" duration-ms="20" started-at="2021-01-19T20:43:23Z" finished-at="2021-01-19T20:43:23Z">
          <reporter-output>
            <line>
              <![CDATA[WE GOT EXPECTED RESULT]]>
            </line>
          </reporter-output>
        </test-method> <!-- test1 -->
        <test-method status="PASS" signature="test2()[pri:0, instance:testng.Demo1@29ee9faa]" name="test2" duration-ms="3" started-at="2021-01-19T20:43:23Z" finished-at="2021-01-19T20:43:23Z">
          <reporter-output>
            <line>
              <![CDATA[2]]>
            </line>
          </reporter-output>
        </test-method> <!-- test2 -->
      </class> <!-- testng.Demo1 -->
    </test> <!-- Default test -->
  </suite> <!-- Default suite -->
</testng-results>
